#
# A fatal error has been detected by the Java Runtime Environment:
#
#  EXCEPTION_ACCESS_VIOLATION (0xc0000005) at pc=0x00007ffd8488d2ef, pid=17032, tid=1880
#
# JRE version: OpenJDK Runtime Environment (11.0.6+8) (build 11.0.6+8-b520.43)
# Java VM: OpenJDK 64-Bit Server VM (11.0.6+8-b520.43, mixed mode, sharing, tiered, compressed oops, g1 gc, windows-amd64)
# Problematic frame:
# V  [jvm.dll+0x22d2ef]
#
# No core dump will be written. Minidumps are not enabled by default on client versions of Windows
#
# If you would like to submit a bug report, please visit:
#   http://bugreport.java.com/bugreport/crash.jsp
#

---------------  S U M M A R Y ------------

Command Line: -Dfile.encoding=UTF-8 com.beadonor.beadonor.BeadonorApplication

Host: Intel(R) Core(TM) i5-4200M CPU @ 2.50GHz, 4 cores, 7G,  Windows 10 , 64 bit Build 19041 (10.0.19041.928)
Time: Sun May  9 20:08:45 2021 Bangladesh Standard Time elapsed time: 31018 seconds (0d 8h 36m 58s)

---------------  T H R E A D  ---------------

Current thread (0x0000029711cd1800):  GCTaskThread "GC Thread#2" [stack: 0x000000dda6200000,0x000000dda6300000] [id=1880]

Stack: [0x000000dda6200000,0x000000dda6300000],  sp=0x000000dda62ff3d8,  free space=1020k
Native frames: (J=compiled Java code, j=interpreted, Vv=VM code, C=native code)
V  [jvm.dll+0x22d2ef]


siginfo: EXCEPTION_ACCESS_VIOLATION (0xc0000005), reading address 0x0000000b3b7b6228


Register to memory mapping:

RIP=0x00007ffd8488d2ef jvm.dll
RAX=0x0000000b3b7b6170 is an unknown value
RBX=0x0000000082296b10 points into unknown readable memory: 6f 72 6b 2e 62 6f 6f 74
RCX=0x0000000000000003 is an unknown value
RDX=0x0000000000000007 is an unknown value
RSP=0x000000dda62ff3d8 points into unknown readable memory: 71 ae 94 84 fd 7f 00 00
RBP=0x0000000082b2fbb0 points into unknown readable memory: 05 00 00 00 00 00 00 00
RSI=0x746f6f622e6b726f is an unknown value
RDI=0x0000029714462930 points into unknown readable memory: 00 00 00 00 97 02 00 00
R8 =0x746f6f622e6b726f is an unknown value
R9 =0x0000029700000d80 is at begin+0 in a stub
StubRoutines::atomic_cmpxchg_long [0x0000029700000d80, 0x0000029700000d89[ (9 bytes)
R10=0x00000008000a7688 is pointing into metadata
R11=0x0000000082ae0c48 points into unknown readable memory: 11 41 89 66 31 00 00 00
R12=0x00000008000a76a0 is pointing into metadata
R13=0x0000000082b2fb90 points into unknown readable memory: 05 00 00 00 00 00 00 00
R14=0x00000008000a7698 is pointing into metadata
R15=0x0000029714462a08 points into unknown readable memory: d0 f8 e6 84 fd 7f 00 00


Registers:
RAX=0x0000000b3b7b6170, RBX=0x0000000082296b10, RCX=0x0000000000000003, RDX=0x0000000000000007
RSP=0x000000dda62ff3d8, RBP=0x0000000082b2fbb0, RSI=0x746f6f622e6b726f, RDI=0x0000029714462930
R8 =0x746f6f622e6b726f, R9 =0x0000029700000d80, R10=0x00000008000a7688, R11=0x0000000082ae0c48
R12=0x00000008000a76a0, R13=0x0000000082b2fb90, R14=0x00000008000a7698, R15=0x0000029714462a08
RIP=0x00007ffd8488d2ef, EFLAGS=0x0000000000010202

Top of Stack: (sp=0x000000dda62ff3d8)
0x000000dda62ff3d8:   00007ffd8494ae71 0000000082296b10
0x000000dda62ff3e8:   0000000082296b10 0000000082ae1f70
0x000000dda62ff3f8:   00007ffd8494896b 0000000082b2fba4
0x000000dda62ff408:   00007ffd8494950b 0000000082296b10
0x000000dda62ff418:   0000029714462930 0000029714462930
0x000000dda62ff428:   00007ffd84950719 0000029720ce5090
0x000000dda62ff438:   00007ffd8494ad59 00007ffd84660000
0x000000dda62ff448:   000002977f7f8d48 0000000000000000
0x000000dda62ff458:   0000000000000000 00000000000003d8
0x000000dda62ff468:   0000029714462930 0000000082b2fb90
0x000000dda62ff478:   00007ffd8495048a 000000dda62ff520
0x000000dda62ff488:   000000dda62ff520 000002971a29c078
0x000000dda62ff498:   0000029714462940 0000000082b2fb90
0x000000dda62ff4a8:   00007ffd849500a6 0000029714462930
0x000000dda62ff4b8:   0000000000000007 000002977f7f8d48
0x000000dda62ff4c8:   0000000000000000 0000029714462930 

Instructions: (pc=0x00007ffd8488d2ef)
0x00007ffd8488d1ef:   00 4c 8b 07 4c 3b 02 74 12 48 8b 4a 18 4e 8b 0c
0x00007ffd8488d1ff:   c1 4d 3b ca 73 05 8b f0 4d 8b d1 ff c0 48 83 c2
0x00007ffd8488d20f:   20 48 83 c7 08 41 3b c3 7c d7 4d 3b d6 74 24 48
0x00007ffd8488d21f:   8b 83 20 07 00 00 8b ce 4c 89 14 e8 48 ff c5 48
0x00007ffd8488d22f:   8b 83 38 07 00 00 48 ff 04 c8 48 3b ab 30 07 00
0x00007ffd8488d23f:   00 72 8e 48 8b 74 24 48 4c 8b 7c 24 20 4c 8b 74
0x00007ffd8488d24f:   24 28 48 8b 7c 24 50 48 89 ab 28 07 00 00 48 83
0x00007ffd8488d25f:   3d fb 75 7b 00 00 48 8b 5c 24 40 74 14 48 8b d5
0x00007ffd8488d26f:   48 8d 0d ba 33 5d 00 48 83 c4 30 5d e9 30 5e fe
0x00007ffd8488d27f:   ff 48 83 c4 30 5d c3 cc cc cc cc cc cc cc cc cc
0x00007ffd8488d28f:   cc 80 3d b3 5e 75 00 00 48 8b c2 4c 8b c1 75 22
0x00007ffd8488d29f:   41 0f b6 c0 24 07 3c 01 75 12 48 b8 00 ff ff ff
0x00007ffd8488d2af:   7f 00 00 00 48 85 c8 75 03 33 c0 c3 b8 01 00 00
0x00007ffd8488d2bf:   00 c3 49 8b d0 83 e2 07 48 83 fa 05 74 44 80 3d
0x00007ffd8488d2cf:   a0 91 7b 00 00 74 15 8b 40 08 8b 0d b9 07 77 00
0x00007ffd8488d2df:   48 d3 e0 48 03 05 a7 07 77 00 eb 04 48 8b 40 08
0x00007ffd8488d2ef:   0f b6 80 b8 00 00 00 24 07 3c 05 74 18 48 83 fa
0x00007ffd8488d2ff:   01 75 12 48 b8 00 ff ff ff 7f 00 00 00 4c 85 c0
0x00007ffd8488d30f:   75 03 32 c0 c3 b0 01 c3 cc cc cc cc cc cc cc cc
0x00007ffd8488d31f:   cc 48 8d 05 d9 20 5d 00 c3 cc cc cc cc cc cc cc
0x00007ffd8488d32f:   cc 40 56 48 83 ec 20 80 3d 37 91 7b 00 00 48 8b
0x00007ffd8488d33f:   f2 4c 8b c9 74 1c 8b 42 08 85 c0 74 72 8b 0d 46
0x00007ffd8488d34f:   07 77 00 4c 8b 05 37 07 77 00 48 d3 e0 49 03 c0
0x00007ffd8488d35f:   eb 11 48 8b 42 08 8b 0d 2d 07 77 00 4c 8b 05 1e
0x00007ffd8488d36f:   07 77 00 48 85 c0 74 47 80 3d f6 90 7b 00 00 74
0x00007ffd8488d37f:   0b 8b 52 08 48 d3 e2 49 03 d0 eb 04 48 8b 52 08
0x00007ffd8488d38f:   48 8b ce e8 09 b9 f5 ff 48 63 c8 8b 05 30 53 75
0x00007ffd8488d39f:   00 ff c8 48 63 d0 48 8b 05 34 62 7b 00 48 3b c8
0x00007ffd8488d3af:   48 0f 47 c1 48 03 c2 48 f7 d2 48 23 c2 eb 6c 4d
0x00007ffd8488d3bf:   8b 81 38 03 00 00 48 b8 ff ff ff ff ff ff ff 1f
0x00007ffd8488d3cf:   48 89 5c 24 30 4c 23 c0 41 8b 99 40 03 00 00 8b
0x00007ffd8488d3df:   cb 49 d3 e8 48 89 7c 24 38 49 8b b9 30 03 00 00 


Stack slot to memory mapping:
stack at sp + 0 slots: 0x00007ffd8494ae71 jvm.dll
stack at sp + 1 slots: 0x0000000082296b10 points into unknown readable memory: 6f 72 6b 2e 62 6f 6f 74
stack at sp + 2 slots: 0x0000000082296b10 points into unknown readable memory: 6f 72 6b 2e 62 6f 6f 74
stack at sp + 3 slots: 0x0000000082ae1f70 points into unknown readable memory: f0 6d df 81 00 00 00 00
stack at sp + 4 slots: 0x00007ffd8494896b jvm.dll
stack at sp + 5 slots: 0x0000000082b2fba4 points into unknown readable memory: 10 6b 29 82
stack at sp + 6 slots: 0x00007ffd8494950b jvm.dll
stack at sp + 7 slots: 0x0000000082296b10 points into unknown readable memory: 6f 72 6b 2e 62 6f 6f 74


---------------  P R O C E S S  ---------------

Threads class SMR info:
_java_thread_list=0x0000029711c0a400, length=26, elements={
0x000002977f7ca000, 0x000002977f7cb000, 0x000002977f7e3800, 0x000002977f7e5800,
0x000002977f7e6800, 0x000002977f7e9000, 0x000002977f7f9800, 0x000002977fa3e000,
0x000002977fa3f800, 0x0000029712233800, 0x00000297140a4800, 0x0000029716f4a800,
0x00000297198e3000, 0x00000297198e5800, 0x0000029716f48000, 0x00000297198e6800,
0x00000297198e4000, 0x00000297198e8000, 0x00000297198e4800, 0x00000297198e0800,
0x00000297198ea800, 0x00000297198e9000, 0x00000297198e2000, 0x0000029716f44000,
0x000002971a103800, 0x0000029716f46800
}

Java Threads: ( => current thread )
  0x000002977f7ca000 JavaThread "Reference Handler" daemon [_thread_blocked, id=10704, stack(0x000000dda5600000,0x000000dda5700000)]
  0x000002977f7cb000 JavaThread "Finalizer" daemon [_thread_blocked, id=13244, stack(0x000000dda5700000,0x000000dda5800000)]
  0x000002977f7e3800 JavaThread "Signal Dispatcher" daemon [_thread_blocked, id=21424, stack(0x000000dda5800000,0x000000dda5900000)]
  0x000002977f7e5800 JavaThread "Attach Listener" daemon [_thread_blocked, id=17460, stack(0x000000dda5900000,0x000000dda5a00000)]
  0x000002977f7e6800 JavaThread "C2 CompilerThread0" daemon [_thread_blocked, id=9172, stack(0x000000dda5a00000,0x000000dda5b00000)]
  0x000002977f7e9000 JavaThread "C1 CompilerThread0" daemon [_thread_blocked, id=3740, stack(0x000000dda5b00000,0x000000dda5c00000)]
  0x000002977f7f9800 JavaThread "Sweeper thread" daemon [_thread_blocked, id=13412, stack(0x000000dda5c00000,0x000000dda5d00000)]
  0x000002977fa3e000 JavaThread "Service Thread" daemon [_thread_blocked, id=568, stack(0x000000dda5d00000,0x000000dda5e00000)]
  0x000002977fa3f800 JavaThread "Common-Cleaner" daemon [_thread_blocked, id=19076, stack(0x000000dda5f00000,0x000000dda6000000)]
  0x0000029712233800 JavaThread "mysql-cj-abandoned-connection-cleanup" daemon [_thread_blocked, id=16712, stack(0x000000dda6900000,0x000000dda6a00000)]
  0x00000297140a4800 JavaThread "Live Reload Server" daemon [_thread_in_native, id=14820, stack(0x000000dda6d00000,0x000000dda6e00000)]
  0x0000029716f4a800 JavaThread "DestroyJavaVM" [_thread_blocked, id=15112, stack(0x000000dda4f00000,0x000000dda5000000)]
  0x00000297198e3000 JavaThread "File Watcher" daemon [_thread_blocked, id=18228, stack(0x000000dda6400000,0x000000dda6500000)]
  0x00000297198e5800 JavaThread "File Watcher" daemon [_thread_blocked, id=12360, stack(0x000000dda6500000,0x000000dda6600000)]
  0x0000029716f48000 JavaThread "File Watcher" daemon [_thread_blocked, id=12884, stack(0x000000dda6000000,0x000000dda6100000)]
  0x00000297198e6800 JavaThread "File Watcher" daemon [_thread_blocked, id=13264, stack(0x000000dda6800000,0x000000dda6900000)]
  0x00000297198e4000 JavaThread "File Watcher" daemon [_thread_blocked, id=20168, stack(0x000000dda6b00000,0x000000dda6c00000)]
  0x00000297198e8000 JavaThread "File Watcher" daemon [_thread_blocked, id=14692, stack(0x000000dda6f00000,0x000000dda7000000)]
  0x00000297198e4800 JavaThread "File Watcher" daemon [_thread_blocked, id=8648, stack(0x000000dda4c00000,0x000000dda4d00000)]
  0x00000297198e0800 JavaThread "File Watcher" daemon [_thread_blocked, id=13528, stack(0x000000dda4e00000,0x000000dda4f00000)]
  0x00000297198ea800 JavaThread "File Watcher" daemon [_thread_blocked, id=19392, stack(0x000000dda6700000,0x000000dda6800000)]
  0x00000297198e9000 JavaThread "File Watcher" daemon [_thread_blocked, id=7392, stack(0x000000dda6a00000,0x000000dda6b00000)]
  0x00000297198e2000 JavaThread "File Watcher" daemon [_thread_blocked, id=9048, stack(0x000000dda6c00000,0x000000dda6d00000)]
  0x0000029716f44000 JavaThread "File Watcher" daemon [_thread_blocked, id=10112, stack(0x000000dda7200000,0x000000dda7300000)]
  0x000002971a103800 JavaThread "Catalina-utility-1" [_thread_blocked, id=7296, stack(0x000000dda7000000,0x000000dda7100000)]
  0x0000029716f46800 JavaThread "Thread-464" [_thread_blocked, id=21300, stack(0x000000dda4d00000,0x000000dda4e00000)]

Other Threads:
  0x000002977f7c5800 VMThread "VM Thread" [stack: 0x000000dda5500000,0x000000dda5600000] [id=13772]
  0x000002977fa3e800 WatcherThread [stack: 0x000000dda5e00000,0x000000dda5f00000] [id=17708]
  0x0000029774802000 GCTaskThread "GC Thread#0" [stack: 0x000000dda5000000,0x000000dda5100000] [id=7904]
  0x0000029711cd0800 GCTaskThread "GC Thread#1" [stack: 0x000000dda6100000,0x000000dda6200000] [id=17912]
=>0x0000029711cd1800 GCTaskThread "GC Thread#2" [stack: 0x000000dda6200000,0x000000dda6300000] [id=1880]
  0x000002971253b000 GCTaskThread "GC Thread#3" [stack: 0x000000dda6600000,0x000000dda6700000] [id=14576]
  0x0000029774831000 ConcurrentGCThread "G1 Main Marker" [stack: 0x000000dda5100000,0x000000dda5200000] [id=6876]
  0x0000029774832800 ConcurrentGCThread "G1 Conc#0" [stack: 0x000000dda5200000,0x000000dda5300000] [id=6924]
  0x000002977f660800 ConcurrentGCThread "G1 Refine#0" [stack: 0x000000dda5300000,0x000000dda5400000] [id=20828]
  0x00000297748a4000 ConcurrentGCThread "G1 Young RemSet Sampling" [stack: 0x000000dda5400000,0x000000dda5500000] [id=2340]

Threads with active compile tasks:

VM state:at safepoint (normal execution)

VM Mutex/Monitor currently owned by a thread:  ([mutex/lock_event])
[0x00000297747e3f90] Threads_lock - owner thread: 0x000002977f7c5800
[0x00000297747e5580] Heap_lock - owner thread: 0x0000029716f46800

OutOfMemory and StackOverflow Exception counts:
StackOverflowErrors=6
LinkageErrors=86

Heap address: 0x0000000081c00000, size: 2020 MB, Compressed Oops mode: 32-bit
Narrow klass base: 0x0000000800000000, Narrow klass shift: 3
Compressed class space size: 1073741824 Address: 0x0000000840000000

Heap:
 garbage-first heap   total 118784K, used 76783K [0x0000000081c00000, 0x0000000100000000)
  region size 1024K, 16 young (16384K), 3 survivors (3072K)
 Metaspace       used 135136K, capacity 143675K, committed 143696K, reserved 1175552K
  class space    used 14312K, capacity 17397K, committed 17408K, reserved 1048576K
Heap Regions: E=young(eden), S=young(survivor), O=old, HS=humongous(starts), HC=humongous(continues), CS=collection set, F=free, A=archive, TAMS=top-at-mark-start (previous, next)
|   0|0x0000000081c00000, 0x0000000081d00000, 0x0000000081d00000|100%|HS|  |TAMS 0x0000000081d00000, 0x0000000081c00000| Complete 
|   1|0x0000000081d00000, 0x0000000081e00000, 0x0000000081e00000|100%| O|  |TAMS 0x0000000081e00000, 0x0000000081d00000| Untracked 
|   2|0x0000000081e00000, 0x0000000081efffa0, 0x0000000081f00000| 99%| O|  |TAMS 0x0000000081efffa0, 0x0000000081e00000| Untracked 
|   3|0x0000000081f00000, 0x0000000081ffff98, 0x0000000082000000| 99%| O|  |TAMS 0x0000000081ffff98, 0x0000000081f00000| Untracked 
|   4|0x0000000082000000, 0x00000000820fff98, 0x0000000082100000| 99%| O|  |TAMS 0x00000000820fff98, 0x0000000082000000| Untracked 
|   5|0x0000000082100000, 0x00000000821efcd8, 0x0000000082200000| 93%| O|  |TAMS 0x00000000821efcd8, 0x0000000082100000| Untracked 
|   6|0x0000000082200000, 0x0000000082300000, 0x0000000082300000|100%| O|  |TAMS 0x0000000082300000, 0x0000000082200000| Untracked 
|   7|0x0000000082300000, 0x00000000823fffe8, 0x0000000082400000| 99%| O|  |TAMS 0x00000000823fffe8, 0x0000000082300000| Untracked 
|   8|0x0000000082400000, 0x0000000082500000, 0x0000000082500000|100%| O|  |TAMS 0x0000000082500000, 0x0000000082400000| Untracked 
|   9|0x0000000082500000, 0x00000000825fffe8, 0x0000000082600000| 99%| O|  |TAMS 0x00000000825fffe8, 0x0000000082500000| Untracked 
|  10|0x0000000082600000, 0x00000000826fffb0, 0x0000000082700000| 99%| O|  |TAMS 0x00000000826fffb0, 0x0000000082600000| Untracked 
|  11|0x0000000082700000, 0x00000000827ffff8, 0x0000000082800000| 99%| O|  |TAMS 0x00000000827ffff8, 0x0000000082700000| Untracked 
|  12|0x0000000082800000, 0x0000000082900000, 0x0000000082900000|100%| O|  |TAMS 0x0000000082900000, 0x0000000082800000| Untracked 
|  13|0x0000000082900000, 0x00000000829ffff8, 0x0000000082a00000| 99%| O|  |TAMS 0x00000000829ffff8, 0x0000000082900000| Untracked 
|  14|0x0000000082a00000, 0x0000000082affff0, 0x0000000082b00000| 99%| O|  |TAMS 0x0000000082affff0, 0x0000000082a00000| Untracked 
|  15|0x0000000082b00000, 0x0000000082c00000, 0x0000000082c00000|100%| O|  |TAMS 0x0000000082c00000, 0x0000000082b00000| Untracked 
|  16|0x0000000082c00000, 0x0000000082cffff0, 0x0000000082d00000| 99%| O|  |TAMS 0x0000000082cffff0, 0x0000000082c00000| Untracked 
|  17|0x0000000082d00000, 0x0000000082dffff0, 0x0000000082e00000| 99%| O|  |TAMS 0x0000000082dffff0, 0x0000000082d00000| Untracked 
|  18|0x0000000082e00000, 0x0000000082f00000, 0x0000000082f00000|100%| O|  |TAMS 0x0000000082f00000, 0x0000000082e00000| Untracked 
|  19|0x0000000082f00000, 0x0000000083000000, 0x0000000083000000|100%| O|  |TAMS 0x0000000083000000, 0x0000000082f00000| Untracked 
|  20|0x0000000083000000, 0x0000000083100000, 0x0000000083100000|100%| O|  |TAMS 0x0000000083100000, 0x0000000083000000| Untracked 
|  21|0x0000000083100000, 0x0000000083200000, 0x0000000083200000|100%| O|  |TAMS 0x0000000083200000, 0x0000000083100000| Untracked 
|  22|0x0000000083200000, 0x00000000832fffe0, 0x0000000083300000| 99%| O|  |TAMS 0x00000000832fffe0, 0x0000000083200000| Untracked 
|  23|0x0000000083300000, 0x00000000833fffd8, 0x0000000083400000| 99%| O|  |TAMS 0x00000000833fffd8, 0x0000000083300000| Untracked 
|  24|0x0000000083400000, 0x0000000083500000, 0x0000000083500000|100%| O|  |TAMS 0x0000000083500000, 0x0000000083400000| Untracked 
|  25|0x0000000083500000, 0x00000000835fffb0, 0x0000000083600000| 99%| O|  |TAMS 0x00000000835fffb0, 0x0000000083500000| Untracked 
|  26|0x0000000083600000, 0x00000000836fffe0, 0x0000000083700000| 99%| O|  |TAMS 0x00000000836fffe0, 0x0000000083600000| Untracked 
|  27|0x0000000083700000, 0x00000000837fffc0, 0x0000000083800000| 99%| O|  |TAMS 0x00000000837fffc0, 0x0000000083700000| Untracked 
|  28|0x0000000083800000, 0x00000000838fffe0, 0x0000000083900000| 99%| O|  |TAMS 0x00000000838fffe0, 0x0000000083800000| Untracked 
|  29|0x0000000083900000, 0x00000000839fffd0, 0x0000000083a00000| 99%| O|  |TAMS 0x00000000839fffd0, 0x0000000083900000| Untracked 
|  30|0x0000000083a00000, 0x0000000083afff68, 0x0000000083b00000| 99%| O|  |TAMS 0x0000000083afff68, 0x0000000083a00000| Untracked 
|  31|0x0000000083b00000, 0x0000000083bfffe0, 0x0000000083c00000| 99%| O|  |TAMS 0x0000000083bfffe0, 0x0000000083b00000| Untracked 
|  32|0x0000000083c00000, 0x0000000083d00000, 0x0000000083d00000|100%| O|  |TAMS 0x0000000083d00000, 0x0000000083c00000| Untracked 
|  33|0x0000000083d00000, 0x0000000083e00000, 0x0000000083e00000|100%| O|  |TAMS 0x0000000083e00000, 0x0000000083d00000| Untracked 
|  34|0x0000000083e00000, 0x0000000083effff0, 0x0000000083f00000| 99%| O|  |TAMS 0x0000000083effff0, 0x0000000083e00000| Untracked 
|  35|0x0000000083f00000, 0x0000000083fffff8, 0x0000000084000000| 99%| O|  |TAMS 0x0000000083fffff8, 0x0000000083f00000| Untracked 
|  36|0x0000000084000000, 0x00000000840fffe0, 0x0000000084100000| 99%| O|  |TAMS 0x00000000840fffe0, 0x0000000084000000| Untracked 
|  37|0x0000000084100000, 0x00000000841ffff8, 0x0000000084200000| 99%| O|  |TAMS 0x00000000841ffff8, 0x0000000084100000| Untracked 
|  38|0x0000000084200000, 0x00000000842fffe8, 0x0000000084300000| 99%| O|  |TAMS 0x00000000842fffe8, 0x0000000084200000| Untracked 
|  39|0x0000000084300000, 0x00000000843fffe8, 0x0000000084400000| 99%| O|  |TAMS 0x00000000843fffe8, 0x0000000084300000| Untracked 
|  40|0x0000000084400000, 0x000000008447da58, 0x0000000084500000| 49%| O|  |TAMS 0x000000008447da58, 0x0000000084400000| Untracked 
|  41|0x0000000084500000, 0x00000000845f9098, 0x0000000084600000| 97%| O|  |TAMS 0x00000000845f9098, 0x0000000084500000| Untracked 
|  42|0x0000000084600000, 0x00000000846ffff8, 0x0000000084700000| 99%| O|  |TAMS 0x00000000846ffff8, 0x0000000084600000| Untracked 
|  43|0x0000000084700000, 0x0000000084783680, 0x0000000084800000| 51%| O|  |TAMS 0x0000000084783680, 0x0000000084700000| Untracked 
|  44|0x0000000084800000, 0x0000000084900000, 0x0000000084900000|100%| O|  |TAMS 0x0000000084900000, 0x0000000084800000| Untracked 
|  45|0x0000000084900000, 0x0000000084a00000, 0x0000000084a00000|100%| O|  |TAMS 0x0000000084a00000, 0x0000000084900000| Untracked 
|  46|0x0000000084a00000, 0x0000000084b00000, 0x0000000084b00000|100%| O|  |TAMS 0x0000000084b00000, 0x0000000084a00000| Untracked 
|  47|0x0000000084b00000, 0x0000000084c00000, 0x0000000084c00000|100%| O|  |TAMS 0x0000000084c00000, 0x0000000084b00000| Untracked 
|  48|0x0000000084c00000, 0x0000000084d00000, 0x0000000084d00000|100%| O|  |TAMS 0x0000000084d00000, 0x0000000084c00000| Untracked 
|  49|0x0000000084d00000, 0x0000000084e00000, 0x0000000084e00000|100%| O|  |TAMS 0x0000000084e00000, 0x0000000084d00000| Untracked 
|  50|0x0000000084e00000, 0x0000000084f00000, 0x0000000084f00000|100%| O|  |TAMS 0x0000000084e16400, 0x0000000084e00000| Untracked 
|  51|0x0000000084f00000, 0x0000000085000000, 0x0000000085000000|100%| O|  |TAMS 0x0000000084f00000, 0x0000000084f00000| Untracked 
|  52|0x0000000085000000, 0x0000000085100000, 0x0000000085100000|100%| O|  |TAMS 0x0000000085000000, 0x0000000085000000| Untracked 
|  53|0x0000000085100000, 0x0000000085200000, 0x0000000085200000|100%| O|  |TAMS 0x0000000085100000, 0x0000000085100000| Untracked 
|  54|0x0000000085200000, 0x0000000085300000, 0x0000000085300000|100%| O|  |TAMS 0x0000000085200000, 0x0000000085200000| Untracked 
|  55|0x0000000085300000, 0x0000000085400000, 0x0000000085400000|100%| O|  |TAMS 0x0000000085300000, 0x0000000085300000| Untracked 
|  56|0x0000000085400000, 0x0000000085500000, 0x0000000085500000|100%| O|  |TAMS 0x0000000085400000, 0x0000000085400000| Untracked 
|  57|0x0000000085500000, 0x0000000085600000, 0x0000000085600000|100%| O|  |TAMS 0x0000000085500000, 0x0000000085500000| Untracked 
|  58|0x0000000085600000, 0x0000000085700000, 0x0000000085700000|100%| O|  |TAMS 0x0000000085600000, 0x0000000085600000| Untracked 
|  59|0x0000000085700000, 0x0000000085800000, 0x0000000085800000|100%| O|  |TAMS 0x0000000085700000, 0x0000000085700000| Untracked 
|  60|0x0000000085800000, 0x0000000085900000, 0x0000000085900000|100%| O|  |TAMS 0x0000000085800000, 0x0000000085800000| Untracked 
|  61|0x0000000085900000, 0x0000000085911200, 0x0000000085a00000|  6%| O|  |TAMS 0x0000000085900000, 0x0000000085900000| Untracked 
|  62|0x0000000085a00000, 0x0000000085a00000, 0x0000000085b00000|  0%| F|  |TAMS 0x0000000085a00000, 0x0000000085a00000| Untracked 
|  63|0x0000000085b00000, 0x0000000085b00000, 0x0000000085c00000|  0%| F|  |TAMS 0x0000000085b00000, 0x0000000085b00000| Untracked 
|  64|0x0000000085c00000, 0x0000000085c00000, 0x0000000085d00000|  0%| F|  |TAMS 0x0000000085c00000, 0x0000000085c00000| Untracked 
|  65|0x0000000085d00000, 0x0000000085d00000, 0x0000000085e00000|  0%| F|  |TAMS 0x0000000085d00000, 0x0000000085d00000| Untracked 
|  66|0x0000000085e00000, 0x0000000085e00000, 0x0000000085f00000|  0%| F|  |TAMS 0x0000000085e00000, 0x0000000085e00000| Untracked 
|  67|0x0000000085f00000, 0x0000000085f00000, 0x0000000086000000|  0%| F|  |TAMS 0x0000000085f00000, 0x0000000085f00000| Untracked 
|  68|0x0000000086000000, 0x0000000086000000, 0x0000000086100000|  0%| F|  |TAMS 0x0000000086000000, 0x0000000086000000| Untracked 
|  69|0x0000000086100000, 0x0000000086100000, 0x0000000086200000|  0%| F|  |TAMS 0x0000000086100000, 0x0000000086100000| Untracked 
|  70|0x0000000086200000, 0x0000000086200000, 0x0000000086300000|  0%| F|  |TAMS 0x0000000086200000, 0x0000000086200000| Untracked 
|  71|0x0000000086300000, 0x0000000086300000, 0x0000000086400000|  0%| F|  |TAMS 0x0000000086300000, 0x0000000086300000| Untracked 
|  72|0x0000000086400000, 0x0000000086400000, 0x0000000086500000|  0%| F|  |TAMS 0x0000000086400000, 0x0000000086400000| Untracked 
|  73|0x0000000086500000, 0x0000000086500000, 0x0000000086600000|  0%| F|  |TAMS 0x0000000086500000, 0x0000000086500000| Untracked 
|  74|0x0000000086600000, 0x000000008664e540, 0x0000000086700000| 30%| S|  |TAMS 0x0000000086600000, 0x0000000086600000| Complete 
|  75|0x0000000086700000, 0x0000000086800000, 0x0000000086800000|100%| S|  |TAMS 0x0000000086700000, 0x0000000086700000| Complete 
|  76|0x0000000086800000, 0x0000000086900000, 0x0000000086900000|100%| S|  |TAMS 0x0000000086800000, 0x0000000086800000| Complete 
|  77|0x0000000086900000, 0x0000000086900000, 0x0000000086a00000|  0%| F|  |TAMS 0x0000000086900000, 0x0000000086900000| Untracked 
|  78|0x0000000086a00000, 0x0000000086a00000, 0x0000000086b00000|  0%| F|  |TAMS 0x0000000086a00000, 0x0000000086a00000| Untracked 
|  79|0x0000000086b00000, 0x0000000086b00000, 0x0000000086c00000|  0%| F|  |TAMS 0x0000000086b00000, 0x0000000086b00000| Untracked 
|  80|0x0000000086c00000, 0x0000000086c00000, 0x0000000086d00000|  0%| F|  |TAMS 0x0000000086c00000, 0x0000000086c00000| Untracked 
|  81|0x0000000086d00000, 0x0000000086d00000, 0x0000000086e00000|  0%| F|  |TAMS 0x0000000086d00000, 0x0000000086d00000| Untracked 
|  82|0x0000000086e00000, 0x0000000086e00000, 0x0000000086f00000|  0%| F|  |TAMS 0x0000000086e00000, 0x0000000086e00000| Untracked 
|  83|0x0000000086f00000, 0x0000000086f00000, 0x0000000087000000|  0%| F|  |TAMS 0x0000000086f00000, 0x0000000086f00000| Untracked 
|  84|0x0000000087000000, 0x0000000087000000, 0x0000000087100000|  0%| F|  |TAMS 0x0000000087000000, 0x0000000087000000| Untracked 
|  85|0x0000000087100000, 0x0000000087100000, 0x0000000087200000|  0%| F|  |TAMS 0x0000000087100000, 0x0000000087100000| Untracked 
|  86|0x0000000087200000, 0x0000000087200000, 0x0000000087300000|  0%| F|  |TAMS 0x0000000087200000, 0x0000000087200000| Untracked 
|  87|0x0000000087300000, 0x0000000087300000, 0x0000000087400000|  0%| F|  |TAMS 0x0000000087300000, 0x0000000087300000| Untracked 
|  88|0x0000000087400000, 0x0000000087400000, 0x0000000087500000|  0%| F|  |TAMS 0x0000000087400000, 0x0000000087400000| Untracked 
|  89|0x0000000087500000, 0x0000000087500000, 0x0000000087600000|  0%| F|  |TAMS 0x0000000087500000, 0x0000000087500000| Untracked 
|  90|0x0000000087600000, 0x0000000087600000, 0x0000000087700000|  0%| F|  |TAMS 0x0000000087600000, 0x0000000087600000| Untracked 
|  91|0x0000000087700000, 0x0000000087700000, 0x0000000087800000|  0%| F|  |TAMS 0x0000000087700000, 0x0000000087700000| Untracked 
|  92|0x0000000087800000, 0x0000000087800000, 0x0000000087900000|  0%| F|  |TAMS 0x0000000087800000, 0x0000000087800000| Untracked 
|  93|0x0000000087900000, 0x0000000087900000, 0x0000000087a00000|  0%| F|  |TAMS 0x0000000087900000, 0x0000000087900000| Untracked 
|  94|0x0000000087a00000, 0x0000000087a00000, 0x0000000087b00000|  0%| F|  |TAMS 0x0000000087a00000, 0x0000000087a00000| Untracked 
|  95|0x0000000087b00000, 0x0000000087b00000, 0x0000000087c00000|  0%| F|  |TAMS 0x0000000087b00000, 0x0000000087b00000| Untracked 
|  96|0x0000000087c00000, 0x0000000087c00000, 0x0000000087d00000|  0%| F|  |TAMS 0x0000000087c00000, 0x0000000087c00000| Untracked 
|  97|0x0000000087d00000, 0x0000000087d00000, 0x0000000087e00000|  0%| F|  |TAMS 0x0000000087d00000, 0x0000000087d00000| Untracked 
|  98|0x0000000087e00000, 0x0000000087e00000, 0x0000000087f00000|  0%| F|  |TAMS 0x0000000087e00000, 0x0000000087e00000| Untracked 
|  99|0x0000000087f00000, 0x0000000087f00000, 0x0000000088000000|  0%| F|  |TAMS 0x0000000087f00000, 0x0000000087f00000| Untracked 
| 100|0x0000000088000000, 0x0000000088000000, 0x0000000088100000|  0%| F|  |TAMS 0x0000000088000000, 0x0000000088000000| Untracked 
| 101|0x0000000088100000, 0x0000000088100000, 0x0000000088200000|  0%| F|  |TAMS 0x0000000088100000, 0x0000000088100000| Untracked 
| 102|0x0000000088200000, 0x0000000088200000, 0x0000000088300000|  0%| F|  |TAMS 0x0000000088200000, 0x0000000088200000| Untracked 
| 103|0x0000000088300000, 0x00000000883b2dd8, 0x0000000088400000| 69%| E|  |TAMS 0x0000000088300000, 0x0000000088300000| Complete 
| 104|0x0000000088400000, 0x0000000088500000, 0x0000000088500000|100%| E|  |TAMS 0x0000000088400000, 0x0000000088400000| Complete 
| 105|0x0000000088500000, 0x0000000088600000, 0x0000000088600000|100%| E|  |TAMS 0x0000000088500000, 0x0000000088500000| Complete 
| 106|0x0000000088600000, 0x0000000088700000, 0x0000000088700000|100%| E|  |TAMS 0x0000000088600000, 0x0000000088600000| Complete 
| 107|0x0000000088700000, 0x0000000088800000, 0x0000000088800000|100%| E|  |TAMS 0x0000000088700000, 0x0000000088700000| Complete 
| 108|0x0000000088800000, 0x0000000088900000, 0x0000000088900000|100%| E|  |TAMS 0x0000000088800000, 0x0000000088800000| Complete 
| 109|0x0000000088900000, 0x0000000088a00000, 0x0000000088a00000|100%| E|  |TAMS 0x0000000088900000, 0x0000000088900000| Complete 
| 110|0x0000000088a00000, 0x0000000088b00000, 0x0000000088b00000|100%| E|  |TAMS 0x0000000088a00000, 0x0000000088a00000| Complete 
| 111|0x0000000088b00000, 0x0000000088c00000, 0x0000000088c00000|100%| E|  |TAMS 0x0000000088b00000, 0x0000000088b00000| Complete 
| 112|0x0000000088c00000, 0x0000000088d00000, 0x0000000088d00000|100%| E|  |TAMS 0x0000000088c00000, 0x0000000088c00000| Complete 
| 113|0x0000000088d00000, 0x0000000088e00000, 0x0000000088e00000|100%| E|  |TAMS 0x0000000088d00000, 0x0000000088d00000| Complete 
| 114|0x0000000088e00000, 0x0000000088f00000, 0x0000000088f00000|100%| E|  |TAMS 0x0000000088e00000, 0x0000000088e00000| Complete 
| 115|0x0000000088f00000, 0x0000000089000000, 0x0000000089000000|100%| E|  |TAMS 0x0000000088f00000, 0x0000000088f00000| Complete 

Card table byte_map: [0x000002977aae0000,0x000002977aee0000] _byte_map_base: 0x000002977a6d2000

Marking Bits (Prev, Next): (CMBitMap*) 0x00000297748283e8, (CMBitMap*) 0x0000029774828420
 Prev Bits: [0x000002977b2e0000, 0x000002977d270000)
 Next Bits: [0x000002977d270000, 0x000002977f200000)

Polling page: 0x0000029774680000

Metaspace:

Usage:
  Non-class:    123.32 MB capacity,   117.99 MB ( 96%) used,     4.89 MB (  4%) free+waste,   447.13 KB ( <1%) overhead. 
      Class:     16.99 MB capacity,    13.98 MB ( 82%) used,     2.82 MB ( 17%) free+waste,   195.13 KB (  1%) overhead. 
       Both:    140.31 MB capacity,   131.97 MB ( 94%) used,     7.71 MB (  5%) free+waste,   642.25 KB ( <1%) overhead. 

Virtual space:
  Non-class space:      124.00 MB reserved,     123.33 MB (>99%) committed 
      Class space:        1.00 GB reserved,      17.00 MB (  2%) committed 
             Both:        1.12 GB reserved,     140.33 MB ( 12%) committed 

Chunk freelists:
   Non-Class:  10.00 KB
       Class:  1.00 KB
        Both:  11.00 KB

MaxMetaspaceSize: 17179869184.00 GB
CompressedClassSpaceSize: 1.00 GB

CodeHeap 'non-profiled nmethods': size=120064Kb used=27401Kb max_used=27420Kb free=92662Kb
 bounds [0x0000029707ac0000, 0x0000029709590000, 0x000002970f000000]
CodeHeap 'profiled nmethods': size=120000Kb used=50636Kb max_used=50753Kb free=69363Kb
 bounds [0x0000029700590000, 0x00000297037b0000, 0x0000029707ac0000]
CodeHeap 'non-nmethods': size=5696Kb used=1294Kb max_used=1377Kb free=4401Kb
 bounds [0x0000029700000000, 0x0000029700270000, 0x0000029700590000]
 total_blobs=39249 nmethods=21901 adapters=570
 compilation: enabled
              stopped_count=0, restarted_count=0
 full_count=0

Compilation events (20 events):
Event: 30315.691 Thread 0x000002977f7e6800 28696       4       org.springframework.core.io.ClassPathResource::createRelative (44 bytes)
Event: 30315.730 Thread 0x000002977f7e6800 nmethod 28696 0x000002970958ac90 code [0x000002970958ae80, 0x000002970958b728]
Event: 30376.076 Thread 0x000002977f7e9000 28697       3       java.io.IOException::<init> (5 bytes)
Event: 30376.077 Thread 0x000002977f7e9000 nmethod 28697 0x0000029701ea5590 code [0x0000029701ea5780, 0x0000029701ea5c10]
Event: 30376.077 Thread 0x000002977f7e9000 28698       3       org.apache.tomcat.util.net.NioChannel::close (8 bytes)
Event: 30376.078 Thread 0x000002977f7e9000 nmethod 28698 0x0000029700632190 code [0x0000029700632340, 0x00000297006324f0]
Event: 30377.078 Thread 0x000002977f7e9000 28699       3       sun.nio.ch.WindowsSelectorImpl::implDereg (200 bytes)
Event: 30377.080 Thread 0x000002977f7e9000 nmethod 28699 0x0000029701ea4010 code [0x0000029701ea42a0, 0x0000029701ea5010]
Event: 30377.080 Thread 0x000002977f7e9000 28700       3       sun.nio.ch.WindowsSelectorImpl$FdMap::remove (46 bytes)
Event: 30377.082 Thread 0x000002977f7e9000 nmethod 28700 0x0000029701ea2710 code [0x0000029701ea29c0, 0x0000029701ea3b10]
Event: 30968.291 Thread 0x000002977f7e6800 28701       4       com.mysql.cj.jdbc.result.ResultSetFactory::<init> (61 bytes)
Event: 30968.321 Thread 0x000002977f7e6800 nmethod 28701 0x000002970958bc10 code [0x000002970958be00, 0x000002970958cab8]
Event: 31017.988 Thread 0x000002977f7e9000 28702       3       java.util.Collections::reverseOrder (4 bytes)
Event: 31017.989 Thread 0x000002977f7e9000 nmethod 28702 0x0000029700930810 code [0x00000297009309c0, 0x0000029700930b18]
Event: 31018.407 Thread 0x000002977f7e9000 28703       3       org.apache.tomcat.util.net.NioChannel::close (16 bytes)
Event: 31018.408 Thread 0x000002977f7e9000 nmethod 28703 0x0000029701cf0f10 code [0x0000029701cf10e0, 0x0000029701cf1480]
Event: 31018.408 Thread 0x000002977f7e9000 28704   !   3       org.apache.tomcat.util.net.NioEndpoint$NioSocketWrapper::doClose (328 bytes)
Event: 31018.416 Thread 0x000002977f7e9000 nmethod 28704 0x000002970379ad90 code [0x000002970379b3c0, 0x000002970379f720]
Event: 31018.416 Thread 0x000002977f7e9000 28705       3       java.nio.channels.spi.AbstractSelector::close (19 bytes)
Event: 31018.417 Thread 0x000002977f7e9000 nmethod 28705 0x00000297037a0a10 code [0x00000297037a0c60, 0x00000297037a1560]

GC Heap History (20 events):
Event: 30942.013 GC heap after
{Heap after GC invocations=2841 (full 85):
 garbage-first heap   total 118784K, used 62109K [0x0000000081c00000, 0x0000000100000000)
  region size 1024K, 1 young (1024K), 1 survivors (1024K)
 Metaspace       used 135124K, capacity 143663K, committed 143696K, reserved 1175552K
  class space    used 14311K, capacity 17394K, committed 17408K, reserved 1048576K
}
Event: 30950.263 GC heap before
{Heap before GC invocations=2841 (full 85):
 garbage-first heap   total 118784K, used 103069K [0x0000000081c00000, 0x0000000100000000)
  region size 1024K, 41 young (41984K), 1 survivors (1024K)
 Metaspace       used 135124K, capacity 143663K, committed 143696K, reserved 1175552K
  class space    used 14311K, capacity 17394K, committed 17408K, reserved 1048576K
}
Event: 30950.264 GC heap after
{Heap after GC invocations=2842 (full 85):
 garbage-first heap   total 118784K, used 62246K [0x0000000081c00000, 0x0000000100000000)
  region size 1024K, 1 young (1024K), 1 survivors (1024K)
 Metaspace       used 135124K, capacity 143663K, committed 143696K, reserved 1175552K
  class space    used 14311K, capacity 17394K, committed 17408K, reserved 1048576K
}
Event: 30958.599 GC heap before
{Heap before GC invocations=2842 (full 85):
 garbage-first heap   total 118784K, used 102182K [0x0000000081c00000, 0x0000000100000000)
  region size 1024K, 40 young (40960K), 1 survivors (1024K)
 Metaspace       used 135124K, capacity 143663K, committed 143696K, reserved 1175552K
  class space    used 14311K, capacity 17394K, committed 17408K, reserved 1048576K
}
Event: 30958.600 GC heap after
{Heap after GC invocations=2843 (full 85):
 garbage-first heap   total 118784K, used 61561K [0x0000000081c00000, 0x0000000100000000)
  region size 1024K, 1 young (1024K), 1 survivors (1024K)
 Metaspace       used 135124K, capacity 143663K, committed 143696K, reserved 1175552K
  class space    used 14311K, capacity 17394K, committed 17408K, reserved 1048576K
}
Event: 30967.476 GC heap before
{Heap before GC invocations=2843 (full 85):
 garbage-first heap   total 118784K, used 102521K [0x0000000081c00000, 0x0000000100000000)
  region size 1024K, 41 young (41984K), 1 survivors (1024K)
 Metaspace       used 135124K, capacity 143663K, committed 143696K, reserved 1175552K
  class space    used 14311K, capacity 17394K, committed 17408K, reserved 1048576K
}
Event: 30967.477 GC heap after
{Heap after GC invocations=2844 (full 85):
 garbage-first heap   total 118784K, used 61911K [0x0000000081c00000, 0x0000000100000000)
  region size 1024K, 1 young (1024K), 1 survivors (1024K)
 Metaspace       used 135124K, capacity 143663K, committed 143696K, reserved 1175552K
  class space    used 14311K, capacity 17394K, committed 17408K, reserved 1048576K
}
Event: 30975.486 GC heap before
{Heap before GC invocations=2844 (full 85):
 garbage-first heap   total 118784K, used 101847K [0x0000000081c00000, 0x0000000100000000)
  region size 1024K, 41 young (41984K), 1 survivors (1024K)
 Metaspace       used 135128K, capacity 143669K, committed 143696K, reserved 1175552K
  class space    used 14312K, capacity 17395K, committed 17408K, reserved 1048576K
}
Event: 30975.488 GC heap after
{Heap after GC invocations=2845 (full 85):
 garbage-first heap   total 118784K, used 62071K [0x0000000081c00000, 0x0000000100000000)
  region size 1024K, 1 young (1024K), 1 survivors (1024K)
 Metaspace       used 135128K, capacity 143669K, committed 143696K, reserved 1175552K
  class space    used 14312K, capacity 17395K, committed 17408K, reserved 1048576K
}
Event: 30983.568 GC heap before
{Heap before GC invocations=2845 (full 85):
 garbage-first heap   total 118784K, used 102007K [0x0000000081c00000, 0x0000000100000000)
  region size 1024K, 40 young (40960K), 1 survivors (1024K)
 Metaspace       used 135128K, capacity 143669K, committed 143696K, reserved 1175552K
  class space    used 14312K, capacity 17395K, committed 17408K, reserved 1048576K
}
Event: 30983.569 GC heap after
{Heap after GC invocations=2846 (full 85):
 garbage-first heap   total 118784K, used 62095K [0x0000000081c00000, 0x0000000100000000)
  region size 1024K, 1 young (1024K), 1 survivors (1024K)
 Metaspace       used 135128K, capacity 143669K, committed 143696K, reserved 1175552K
  class space    used 14312K, capacity 17395K, committed 17408K, reserved 1048576K
}
Event: 30991.901 GC heap before
{Heap before GC invocations=2846 (full 85):
 garbage-first heap   total 118784K, used 102031K [0x0000000081c00000, 0x0000000100000000)
  region size 1024K, 40 young (40960K), 1 survivors (1024K)
 Metaspace       used 135128K, capacity 143669K, committed 143696K, reserved 1175552K
  class space    used 14312K, capacity 17395K, committed 17408K, reserved 1048576K
}
Event: 30991.902 GC heap after
{Heap after GC invocations=2847 (full 85):
 garbage-first heap   total 118784K, used 62183K [0x0000000081c00000, 0x0000000100000000)
  region size 1024K, 1 young (1024K), 1 survivors (1024K)
 Metaspace       used 135128K, capacity 143669K, committed 143696K, reserved 1175552K
  class space    used 14312K, capacity 17395K, committed 17408K, reserved 1048576K
}
Event: 30999.680 GC heap before
{Heap before GC invocations=2847 (full 85):
 garbage-first heap   total 118784K, used 102119K [0x0000000081c00000, 0x0000000100000000)
  region size 1024K, 40 young (40960K), 1 survivors (1024K)
 Metaspace       used 135128K, capacity 143669K, committed 143696K, reserved 1175552K
  class space    used 14312K, capacity 17395K, committed 17408K, reserved 1048576K
}
Event: 30999.683 GC heap after
{Heap after GC invocations=2848 (full 85):
 garbage-first heap   total 118784K, used 63757K [0x0000000081c00000, 0x0000000100000000)
  region size 1024K, 3 young (3072K), 3 survivors (3072K)
 Metaspace       used 135128K, capacity 143669K, committed 143696K, reserved 1175552K
  class space    used 14312K, capacity 17395K, committed 17408K, reserved 1048576K
}
Event: 31007.322 GC heap before
{Heap before GC invocations=2848 (full 85):
 garbage-first heap   total 118784K, used 100621K [0x0000000081c00000, 0x0000000100000000)
  region size 1024K, 39 young (39936K), 3 survivors (3072K)
 Metaspace       used 135128K, capacity 143669K, committed 143696K, reserved 1175552K
  class space    used 14312K, capacity 17395K, committed 17408K, reserved 1048576K
}
Event: 31007.325 GC heap after
{Heap after GC invocations=2849 (full 85):
 garbage-first heap   total 118784K, used 63737K [0x0000000081c00000, 0x0000000100000000)
  region size 1024K, 3 young (3072K), 3 survivors (3072K)
 Metaspace       used 135128K, capacity 143669K, committed 143696K, reserved 1175552K
  class space    used 14312K, capacity 17395K, committed 17408K, reserved 1048576K
}
Event: 31015.511 GC heap before
{Heap before GC invocations=2849 (full 85):
 garbage-first heap   total 118784K, used 100601K [0x0000000081c00000, 0x0000000100000000)
  region size 1024K, 39 young (39936K), 3 survivors (3072K)
 Metaspace       used 135128K, capacity 143669K, committed 143696K, reserved 1175552K
  class space    used 14312K, capacity 17395K, committed 17408K, reserved 1048576K
}
Event: 31015.514 GC heap after
{Heap after GC invocations=2850 (full 85):
 garbage-first heap   total 118784K, used 63780K [0x0000000081c00000, 0x0000000100000000)
  region size 1024K, 3 young (3072K), 3 survivors (3072K)
 Metaspace       used 135128K, capacity 143669K, committed 143696K, reserved 1175552K
  class space    used 14312K, capacity 17395K, committed 17408K, reserved 1048576K
}
Event: 31018.504 GC heap before
{Heap before GC invocations=2850 (full 85):
 garbage-first heap   total 118784K, used 76068K [0x0000000081c00000, 0x0000000100000000)
  region size 1024K, 16 young (16384K), 3 survivors (3072K)
 Metaspace       used 135136K, capacity 143675K, committed 143696K, reserved 1175552K
  class space    used 14312K, capacity 17397K, committed 17408K, reserved 1048576K
}

Deoptimization events (20 events):
Event: 27814.010 Thread 0x00000297198e9000 DEOPT PACKING pc=0x00000297021faef2 sp=0x000000dda6aff2d0
Event: 27814.034 Thread 0x00000297198e9000 DEOPT UNPACKING pc=0x000002970002904e sp=0x000000dda6afe7a0 mode 0
Event: 28831.379 Thread 0x00000297198e8000 DEOPT PACKING pc=0x00000297021faef2 sp=0x000000dda6fff2c0
Event: 28831.379 Thread 0x00000297198e8000 DEOPT UNPACKING pc=0x000002970002904e sp=0x000000dda6ffe790 mode 0
Event: 29781.175 Thread 0x000002971a10a800 DEOPT PACKING pc=0x0000029700c8c0f0 sp=0x000000dda7ffa100
Event: 29781.201 Thread 0x000002971a10a800 DEOPT UNPACKING pc=0x000002970002904e sp=0x000000dda7ff9588 mode 0
Event: 29783.190 Thread 0x000002971a10a800 DEOPT PACKING pc=0x0000029700c8c0f0 sp=0x000000dda7ff8da0
Event: 29783.190 Thread 0x000002971a10a800 DEOPT UNPACKING pc=0x000002970002904e sp=0x000000dda7ff8228 mode 0
Event: 29786.788 Thread 0x000002971a10b800 Uncommon trap: trap_request=0xffffff4d fr.pc=0x0000029709321100 relative=0x00000000000024a0
Event: 29786.788 Thread 0x000002971a10b800 Uncommon trap: reason=unstable_if action=reinterpret pc=0x0000029709321100 method=java.util.concurrent.ConcurrentLinkedDeque.last()Ljava/util/concurrent/ConcurrentLinkedDeque$Node; @ 24 c2
Event: 29786.788 Thread 0x000002971a10b800 DEOPT PACKING pc=0x0000029709321100 sp=0x000000dda80fc370
Event: 29786.788 Thread 0x000002971a10b800 DEOPT UNPACKING pc=0x000002970002922f sp=0x000000dda80fc1f0 mode 2
Event: 29804.478 Thread 0x000002971a10d000 DEOPT PACKING pc=0x0000029700c8c0f0 sp=0x000000dda7cfa250
Event: 29804.478 Thread 0x000002971a10d000 DEOPT UNPACKING pc=0x000002970002904e sp=0x000000dda7cf96d8 mode 0
Event: 29898.880 Thread 0x000002971a10d000 DEOPT PACKING pc=0x0000029700c8c0f0 sp=0x000000dda7cf8f30
Event: 29898.880 Thread 0x000002971a10d000 DEOPT UNPACKING pc=0x000002970002904e sp=0x000000dda7cf83b8 mode 0
Event: 30315.638 Thread 0x000002971a109000 DEOPT PACKING pc=0x0000029700c8c0f0 sp=0x000000dda7ef8960
Event: 30315.638 Thread 0x000002971a109000 DEOPT UNPACKING pc=0x000002970002904e sp=0x000000dda7ef7de8 mode 0
Event: 30528.280 Thread 0x00000297198e2000 DEOPT PACKING pc=0x00000297021faef2 sp=0x000000dda6cff190
Event: 30528.280 Thread 0x00000297198e2000 DEOPT UNPACKING pc=0x000002970002904e sp=0x000000dda6cfe660 mode 0

Classes redefined (0 events):
No events

Internal exceptions (20 events):
Event: 21592.348 Thread 0x000002971a100000 Exception <a 'java/lang/ClassNotFoundException'{0x000000008770d188}: com/beadonor/beadonor/domain/IssueCustomizer> (0x000000008770d188) thrown at [c:/BuildAgent/work/5ff2f6c26000d570/src/hotspot/share/classfile/systemDictionary.cpp, line 231]
Event: 21592.348 Thread 0x000002971a100000 Exception <a 'java/lang/ClassNotFoundException'{0x0000000087720290}: com/beadonor/beadonor/domain/InfoCustomizer> (0x0000000087720290) thrown at [c:/BuildAgent/work/5ff2f6c26000d570/src/hotspot/share/classfile/systemDictionary.cpp, line 231]
Event: 21592.349 Thread 0x000002971a100000 Exception <a 'java/lang/ClassNotFoundException'{0x000000008774b9a0}: java/lang/ObjectCustomizer> (0x000000008774b9a0) thrown at [c:/BuildAgent/work/5ff2f6c26000d570/src/hotspot/share/classfile/systemDictionary.cpp, line 231]
Event: 21592.350 Thread 0x000002971a100000 Exception <a 'java/lang/ClassNotFoundException'{0x000000008775c860}: com/beadonor/beadonor/domain/InfoCategoryCustomizer> (0x000000008775c860) thrown at [c:/BuildAgent/work/5ff2f6c26000d570/src/hotspot/share/classfile/systemDictionary.cpp, line 231]
Event: 21592.362 Thread 0x000002971a100000 Exception <a 'java/lang/ClassNotFoundException'{0x0000000087497560}: java/lang/ObjectCustomizer> (0x0000000087497560) thrown at [c:/BuildAgent/work/5ff2f6c26000d570/src/hotspot/share/classfile/systemDictionary.cpp, line 231]
Event: 21592.363 Thread 0x000002971a100000 Exception <a 'java/lang/ClassNotFoundException'{0x00000000874a7560}: com/beadonor/beadonor/domain/IssueCustomizer> (0x00000000874a7560) thrown at [c:/BuildAgent/work/5ff2f6c26000d570/src/hotspot/share/classfile/systemDictionary.cpp, line 231]
Event: 21592.363 Thread 0x000002971a100000 Exception <a 'java/lang/ClassNotFoundException'{0x00000000874ba668}: com/beadonor/beadonor/domain/ItemCustomizer> (0x00000000874ba668) thrown at [c:/BuildAgent/work/5ff2f6c26000d570/src/hotspot/share/classfile/systemDictionary.cpp, line 231]
Event: 21592.364 Thread 0x000002971a100000 Exception <a 'java/lang/ClassNotFoundException'{0x00000000874e5e30}: java/lang/ObjectCustomizer> (0x00000000874e5e30) thrown at [c:/BuildAgent/work/5ff2f6c26000d570/src/hotspot/share/classfile/systemDictionary.cpp, line 231]
Event: 21592.365 Thread 0x000002971a100000 Exception <a 'java/lang/ClassNotFoundException'{0x00000000874f6cf0}: com/beadonor/beadonor/domain/ItemCategoryCustomizer> (0x00000000874f6cf0) thrown at [c:/BuildAgent/work/5ff2f6c26000d570/src/hotspot/share/classfile/systemDictionary.cpp, line 231]
Event: 21592.397 Thread 0x000002971a100000 Exception <a 'java/lang/ClassNotFoundException'{0x0000000086b2a328}: java/lang/ObjectCustomizer> (0x0000000086b2a328) thrown at [c:/BuildAgent/work/5ff2f6c26000d570/src/hotspot/share/classfile/systemDictionary.cpp, line 231]
Event: 21592.398 Thread 0x000002971a100000 Exception <a 'java/lang/ClassNotFoundException'{0x0000000086b3a328}: com/beadonor/beadonor/domain/IssueCustomizer> (0x0000000086b3a328) thrown at [c:/BuildAgent/work/5ff2f6c26000d570/src/hotspot/share/classfile/systemDictionary.cpp, line 231]
Event: 21592.398 Thread 0x000002971a100000 Exception <a 'java/lang/ClassNotFoundException'{0x0000000086b4d6f0}: com/beadonor/beadonor/domain/PaymentCustomizer> (0x0000000086b4d6f0) thrown at [c:/BuildAgent/work/5ff2f6c26000d570/src/hotspot/share/classfile/systemDictionary.cpp, line 231]
Event: 21592.399 Thread 0x000002971a100000 Exception <a 'java/lang/ClassNotFoundException'{0x0000000086b7c0f0}: java/lang/ObjectCustomizer> (0x0000000086b7c0f0) thrown at [c:/BuildAgent/work/5ff2f6c26000d570/src/hotspot/share/classfile/systemDictionary.cpp, line 231]
Event: 21592.400 Thread 0x000002971a100000 Exception <a 'java/lang/ClassNotFoundException'{0x0000000086b8d230}: com/beadonor/beadonor/domain/PaymentMethodCustomizer> (0x0000000086b8d230) thrown at [c:/BuildAgent/work/5ff2f6c26000d570/src/hotspot/share/classfile/systemDictionary.cpp, line 231]
Event: 21592.401 Thread 0x000002971a100000 Exception <a 'java/lang/ClassNotFoundException'{0x0000000086bc19d8}: java/lang/ObjectCustomizer> (0x0000000086bc19d8) thrown at [c:/BuildAgent/work/5ff2f6c26000d570/src/hotspot/share/classfile/systemDictionary.cpp, line 231]
Event: 21592.401 Thread 0x000002971a100000 Exception <a 'java/lang/ClassNotFoundException'{0x0000000086bd2c18}: com/beadonor/beadonor/domain/DonationCategoryCustomizer> (0x0000000086bd2c18) thrown at [c:/BuildAgent/work/5ff2f6c26000d570/src/hotspot/share/classfile/systemDictionary.cpp, line 231]
Event: 21625.363 Thread 0x000002971a101800 Exception <a 'java/lang/ClassNotFoundException'{0x000000008705a178}: java/lang/ObjectCustomizer> (0x000000008705a178) thrown at [c:/BuildAgent/work/5ff2f6c26000d570/src/hotspot/share/classfile/systemDictionary.cpp, line 231]
Event: 21625.365 Thread 0x000002971a101800 Exception <a 'java/lang/ClassNotFoundException'{0x000000008706d4e8}: com/beadonor/beadonor/domain/IssueCustomizer> (0x000000008706d4e8) thrown at [c:/BuildAgent/work/5ff2f6c26000d570/src/hotspot/share/classfile/systemDictionary.cpp, line 231]
Event: 21625.366 Thread 0x000002971a101800 Exception <a 'java/lang/ClassNotFoundException'{0x0000000087083bb0}: com/beadonor/beadonor/domain/InfoCustomizer> (0x0000000087083bb0) thrown at [c:/BuildAgent/work/5ff2f6c26000d570/src/hotspot/share/classfile/systemDictionary.cpp, line 231]
Event: 31018.418 Thread 0x000002971a104000 Exception <a 'java/lang/InterruptedException'{0x00000000883689f8}: sleep interrupted> (0x00000000883689f8) thrown at [c:/BuildAgent/work/5ff2f6c26000d570/src/hotspot/share/prims/jvm.cpp, line 3107]

Events (20 events):
Event: 31018.485 Executing VM operation: RevokeBias
Event: 31018.485 Executing VM operation: RevokeBias done
Event: 31018.485 Executing VM operation: RevokeBias
Event: 31018.485 Executing VM operation: RevokeBias done
Event: 31018.485 Executing VM operation: RevokeBias
Event: 31018.486 Executing VM operation: RevokeBias done
Event: 31018.486 Executing VM operation: RevokeBias
Event: 31018.486 Executing VM operation: RevokeBias done
Event: 31018.486 Executing VM operation: RevokeBias
Event: 31018.486 Executing VM operation: RevokeBias done
Event: 31018.487 Executing VM operation: BulkRevokeBias
Event: 31018.487 Executing VM operation: BulkRevokeBias done
Event: 31018.487 Executing VM operation: BulkRevokeBias
Event: 31018.487 Executing VM operation: BulkRevokeBias done
Event: 31018.487 Executing VM operation: BulkRevokeBias
Event: 31018.488 Executing VM operation: BulkRevokeBias done
Event: 31018.489 Executing VM operation: RevokeBias
Event: 31018.489 Executing VM operation: RevokeBias done
Event: 31018.489 Thread 0x0000029716f47000 Thread exited: 0x0000029716f47000
Event: 31018.504 Executing VM operation: G1CollectFull


Dynamic libraries:
0x00007ff6a7e50000 - 0x00007ff6a7e5a000 	C:\Program Files\JetBrains\IntelliJ IDEA Community Edition 2019.3.4\jbr\bin\java.exe
0x00007ffdd11f0000 - 0x00007ffdd13e5000 	C:\WINDOWS\SYSTEM32\ntdll.dll
0x00007ffdd08e0000 - 0x00007ffdd099d000 	C:\WINDOWS\System32\KERNEL32.DLL
0x00007ffdcef00000 - 0x00007ffdcf1c8000 	C:\WINDOWS\System32\KERNELBASE.dll
0x00007ffdce930000 - 0x00007ffdcea30000 	C:\WINDOWS\System32\ucrtbase.dll
0x00007ffdc4620000 - 0x00007ffdc4639000 	C:\Program Files\JetBrains\IntelliJ IDEA Community Edition 2019.3.4\jbr\bin\jli.dll
0x00007ffdc9a30000 - 0x00007ffdc9a47000 	C:\Program Files\JetBrains\IntelliJ IDEA Community Edition 2019.3.4\jbr\bin\VCRUNTIME140.dll
0x00007ffdd1010000 - 0x00007ffdd11b0000 	C:\WINDOWS\System32\USER32.dll
0x00007ffdcea30000 - 0x00007ffdcea52000 	C:\WINDOWS\System32\win32u.dll
0x00007ffdb8140000 - 0x00007ffdb83da000 	C:\WINDOWS\WinSxS\amd64_microsoft.windows.common-controls_6595b64144ccf1df_6.0.19041.844_none_ca00b6081b84eb1d\COMCTL32.dll
0x00007ffdcfe10000 - 0x00007ffdcfe3a000 	C:\WINDOWS\System32\GDI32.dll
0x00007ffdcf9b0000 - 0x00007ffdcfa4e000 	C:\WINDOWS\System32\msvcrt.dll
0x00007ffdcedf0000 - 0x00007ffdceefb000 	C:\WINDOWS\System32\gdi32full.dll
0x00007ffdcea60000 - 0x00007ffdceafd000 	C:\WINDOWS\System32\msvcp_win.dll
0x00007ffdd0ed0000 - 0x00007ffdd0f00000 	C:\WINDOWS\System32\IMM32.DLL
0x00007ffd9ce80000 - 0x00007ffd9cf1d000 	C:\Program Files\JetBrains\IntelliJ IDEA Community Edition 2019.3.4\jbr\bin\msvcp140.dll
0x00007ffd84660000 - 0x00007ffd8511d000 	C:\Program Files\JetBrains\IntelliJ IDEA Community Edition 2019.3.4\jbr\bin\server\jvm.dll
0x00007ffdcff90000 - 0x00007ffdd003c000 	C:\WINDOWS\System32\ADVAPI32.dll
0x00007ffdd00f0000 - 0x00007ffdd018b000 	C:\WINDOWS\System32\sechost.dll
0x00007ffdcf250000 - 0x00007ffdcf37b000 	C:\WINDOWS\System32\RPCRT4.dll
0x00007ffdd0f10000 - 0x00007ffdd0f18000 	C:\WINDOWS\System32\PSAPI.DLL
0x00007ffdb15b0000 - 0x00007ffdb15d7000 	C:\WINDOWS\SYSTEM32\WINMM.dll
0x00007ffdc77c0000 - 0x00007ffdc77c9000 	C:\WINDOWS\SYSTEM32\WSOCK32.dll
0x00007ffdc65a0000 - 0x00007ffdc65aa000 	C:\WINDOWS\SYSTEM32\VERSION.dll
0x00007ffdcfe40000 - 0x00007ffdcfeab000 	C:\WINDOWS\System32\WS2_32.dll
0x00007ffdcd200000 - 0x00007ffdcd212000 	C:\WINDOWS\SYSTEM32\kernel.appcore.dll
0x00007ffdad110000 - 0x00007ffdad121000 	C:\Program Files\JetBrains\IntelliJ IDEA Community Edition 2019.3.4\jbr\bin\verify.dll
0x00007ffdbb3e0000 - 0x00007ffdbb5c4000 	C:\WINDOWS\SYSTEM32\DBGHELP.DLL
0x00007ffdbb3b0000 - 0x00007ffdbb3dc000 	C:\WINDOWS\SYSTEM32\dbgcore.DLL
0x00007ffdcf1d0000 - 0x00007ffdcf250000 	C:\WINDOWS\System32\bcryptPrimitives.dll
0x00007ffdb9000000 - 0x00007ffdb9029000 	C:\Program Files\JetBrains\IntelliJ IDEA Community Edition 2019.3.4\jbr\bin\java.dll
0x00007ffdc4550000 - 0x00007ffdc4568000 	C:\Program Files\JetBrains\IntelliJ IDEA Community Edition 2019.3.4\jbr\bin\zip.dll
0x00007ffdc4590000 - 0x00007ffdc459b000 	C:\Program Files\JetBrains\IntelliJ IDEA Community Edition 2019.3.4\jbr\bin\jimage.dll
0x00007ffdd0190000 - 0x00007ffdd08d2000 	C:\WINDOWS\System32\SHELL32.dll
0x00007ffdcca50000 - 0x00007ffdcd1e1000 	C:\WINDOWS\SYSTEM32\windows.storage.dll
0x00007ffdd0a50000 - 0x00007ffdd0da5000 	C:\WINDOWS\System32\combase.dll
0x00007ffdce3a0000 - 0x00007ffdce3cc000 	C:\WINDOWS\SYSTEM32\Wldp.dll
0x00007ffdd09a0000 - 0x00007ffdd0a4e000 	C:\WINDOWS\System32\SHCORE.dll
0x00007ffdcfeb0000 - 0x00007ffdcff05000 	C:\WINDOWS\System32\shlwapi.dll
0x00007ffdce870000 - 0x00007ffdce88f000 	C:\WINDOWS\SYSTEM32\profapi.dll
0x00007ffdad990000 - 0x00007ffdad9aa000 	C:\Program Files\JetBrains\IntelliJ IDEA Community Edition 2019.3.4\jbr\bin\net.dll
0x00007ffdc75b0000 - 0x00007ffdc76bb000 	C:\WINDOWS\SYSTEM32\WINHTTP.dll
0x00007ffdce110000 - 0x00007ffdce17a000 	C:\WINDOWS\system32\mswsock.dll
0x00007ffdaa7e0000 - 0x00007ffdaa7f4000 	C:\Program Files\JetBrains\IntelliJ IDEA Community Edition 2019.3.4\jbr\bin\nio.dll
0x00007ffdad980000 - 0x00007ffdad98a000 	C:\Program Files\JetBrains\IntelliJ IDEA Community Edition 2019.3.4\jbr\bin\management.dll
0x00007ffdaa7b0000 - 0x00007ffdaa7bc000 	C:\Program Files\JetBrains\IntelliJ IDEA Community Edition 2019.3.4\jbr\bin\management_ext.dll
0x00007ffda04f0000 - 0x00007ffda0507000 	C:\WINDOWS\system32\napinsp.dll
0x00007ffd9eb90000 - 0x00007ffd9ebab000 	C:\WINDOWS\system32\pnrpnsp.dll
0x00007ffdad960000 - 0x00007ffdad975000 	C:\WINDOWS\system32\wshbth.dll
0x00007ffdc9eb0000 - 0x00007ffdc9ecd000 	C:\WINDOWS\system32\NLAapi.dll
0x00007ffdcddb0000 - 0x00007ffdcddeb000 	C:\WINDOWS\SYSTEM32\IPHLPAPI.DLL
0x00007ffdcde00000 - 0x00007ffdcdecc000 	C:\WINDOWS\SYSTEM32\DNSAPI.dll
0x00007ffdcf980000 - 0x00007ffdcf988000 	C:\WINDOWS\System32\NSI.dll
0x00007ffd9c780000 - 0x00007ffd9c792000 	C:\WINDOWS\System32\winrnr.dll
0x00007ffdc6f20000 - 0x00007ffdc6f2a000 	C:\Windows\System32\rasadhlp.dll
0x00007ffdc7d60000 - 0x00007ffdc7ddf000 	C:\WINDOWS\System32\fwpuclnt.dll
0x00007ffdced60000 - 0x00007ffdced87000 	C:\WINDOWS\System32\bcrypt.dll
0x00007ffdce2f0000 - 0x00007ffdce308000 	C:\WINDOWS\SYSTEM32\CRYPTSP.dll
0x00007ffdcda40000 - 0x00007ffdcda74000 	C:\WINDOWS\system32\rsaenh.dll
0x00007ffdce830000 - 0x00007ffdce85e000 	C:\WINDOWS\SYSTEM32\USERENV.dll
0x00007ffdce2e0000 - 0x00007ffdce2ec000 	C:\WINDOWS\SYSTEM32\CRYPTBASE.dll
0x00007ffdc8a90000 - 0x00007ffdc8aa7000 	C:\WINDOWS\SYSTEM32\dhcpcsvc6.DLL
0x00007ffdc8a70000 - 0x00007ffdc8a8d000 	C:\WINDOWS\SYSTEM32\dhcpcsvc.DLL
0x00007ffda7290000 - 0x00007ffda72b8000 	C:\Program Files\JetBrains\IntelliJ IDEA Community Edition 2019.3.4\jbr\bin\sunec.dll

dbghelp: loaded successfully - version: 4.0.5 - missing functions: none
symbol engine: initialized successfully - sym options: 0x614 - pdb path: .;C:\Program Files\JetBrains\IntelliJ IDEA Community Edition 2019.3.4\jbr\bin;C:\WINDOWS\SYSTEM32;C:\WINDOWS\WinSxS\amd64_microsoft.windows.common-controls_6595b64144ccf1df_6.0.19041.844_none_ca00b6081b84eb1d;C:\Program Files\JetBrains\IntelliJ IDEA Community Edition 2019.3.4\jbr\bin\server

VM Arguments:
jvm_args: -Dfile.encoding=UTF-8 
java_command: com.beadonor.beadonor.BeadonorApplication
java_class_path (initial): C:\Users\Rhythm\Desktop\beADonor\bin\main;C:\Users\Rhythm\.gradle\caches\modules-2\files-2.1\javax.servlet\jstl\1.2\74aca283cd4f4b4f3e425f5820cda58f44409547\jstl-1.2.jar;C:\Users\Rhythm\.gradle\caches\modules-2\files-2.1\org.apache.tomcat.embed\tomcat-embed-jasper\9.0.45\e230010de9cb74ddb6384c3d3e69da369c7dbe75\tomcat-embed-jasper-9.0.45.jar;C:\Users\Rhythm\.gradle\caches\modules-2\files-2.1\org.sitemesh\sitemesh\3.0.1\3fe2fdca831ba69eebd820782b2ab4a4857d9d76\sitemesh-3.0.1.jar;C:\Users\Rhythm\.gradle\caches\modules-2\files-2.1\org.springframework.boot\spring-boot-starter-hateoas\2.4.4\f3592a341a319056528d1a38f5745596c45ea0f0\spring-boot-starter-hateoas-2.4.4.jar;C:\Users\Rhythm\.gradle\caches\modules-2\files-2.1\org.springframework.boot\spring-boot-starter-web\2.4.5\93cf2655557534e35723fbafa069bed2ee125832\spring-boot-starter-web-2.4.5.jar;C:\Users\Rhythm\.gradle\caches\modules-2\files-2.1\org.springframework.boot\spring-boot-starter-data-jpa\2.4.5\cba91e070e601c55eec0d8a1948dcca15703ad37\spring-boot-starter-data-jpa-2.4.5.jar;C:\Users\Rhythm\.gradle\caches\modules-2\files-2.1\org.springframework.boot\spring-boot-starter-validation\2.4.5\27acd26bb55058472e91e44e8155b256a610b87e\spring-boot-starter-validation-2.4.5.jar;C:\Users\Rhythm\.gradle\caches\modules-2\files-2.1\org.springframework.boot\spring-boot-starter-tomcat\2.4.5\f562f975967df544afd88d8d10aa4bcd356b799d\spring-boot-starter-tomcat-2.4.5.jar;C:\Users\Rhythm\.gradle\caches\modules-2\files-2.1\org.apache.tomcat.embed\tomcat-embed-websocket\9.0.45\5cefd0aab62e2938f51110ebeb557b30ed5abab\tomcat-embed-websocket-9.0.45.jar;C:\Users\Rhythm\.gradle\caches\modules-2\files-2.1\org.apache.tomcat.embed\tomcat-embed-core\9.0.45\8fb7d78b14e2deb8fec430498c64418ec0a2d983\tomcat-embed-core-9.0.45.jar;C:\Users\Rhythm\.gradle\caches\modules-2\files-2.1\org.apache.tomcat.embed\tomcat-embed-el\9.0.45\a625c6901a30d11024eb21bb9f3a0205da575fd4\tomcat-embed-el-9.0.45.jar;C:\Users\Rhythm\.gradle\caches
Launcher Type: SUN_STANDARD

[Global flags]
     intx CICompilerCount                          = 3                                         {product} {ergonomic}
     uint ConcGCThreads                            = 1                                         {product} {ergonomic}
     uint G1ConcRefinementThreads                  = 4                                         {product} {ergonomic}
   size_t G1HeapRegionSize                         = 1048576                                   {product} {ergonomic}
    uintx GCDrainStackTargetSize                   = 64                                        {product} {ergonomic}
   size_t InitialHeapSize                          = 134217728                                 {product} {ergonomic}
   size_t MarkStackSize                            = 4194304                                   {product} {ergonomic}
   size_t MaxHeapSize                              = 2118123520                                {product} {ergonomic}
   size_t MaxNewSize                               = 1270874112                                {product} {ergonomic}
   size_t MinHeapDeltaBytes                        = 1048576                                   {product} {ergonomic}
    uintx NonNMethodCodeHeapSize                   = 5830732                                {pd product} {ergonomic}
    uintx NonProfiledCodeHeapSize                  = 122913754                              {pd product} {ergonomic}
    uintx ProfiledCodeHeapSize                     = 122913754                              {pd product} {ergonomic}
    uintx ReservedCodeCacheSize                    = 251658240                              {pd product} {ergonomic}
     bool SegmentedCodeCache                       = true                                      {product} {ergonomic}
     bool UseCompressedClassPointers               = true                                 {lp64_product} {ergonomic}
     bool UseCompressedOops                        = true                                 {lp64_product} {ergonomic}
     bool UseG1GC                                  = true                                      {product} {ergonomic}
     bool UseLargePagesIndividualAllocation        = false                                  {pd product} {ergonomic}

Logging:
Log output configuration:
 #0: stdout all=warning uptime,level,tags
 #1: stderr all=off uptime,level,tags

Environment Variables:
PATH=C:\Program Files\Common Files\Oracle\Java\javapath;C:\Program Files (x86)\Common Files\Oracle\Java\javapath;C:\Python38\Scripts\;C:\Python38\;C:\WINDOWS\system32;C:\WINDOWS;C:\WINDOWS\System32\Wbem;C:\WINDOWS\System32\WindowsPowerShell\v1.0\;C:\WINDOWS\System32\OpenSSH\;C:\wamp64\bin\php\php7.4.5;C:\composer;C:\Program Files\nodejs\;C:\ProgramData\chocolatey\bin;C:\Program Files (x86)\Yarn\bin\;C:\Program Files\Git\cmd;C:\Program Files\PuTTY\;C:\Users\Rhythm\AppData\Local\Microsoft\WindowsApps;C:\Users\Rhythm\AppData\Local\Programs\Microsoft VS Code\bin;C:\Users\Rhythm\AppData\Roaming\Composer\vendor\bin;C:\MinGW\bin;C:\wamp64\bin\php\php7.4.5;C:\Program Files\JetBrains\IntelliJ IDEA Community Edition 2019.3.4\jbr\bin;C:\Users\Rhythm\AppData\Roaming\npm;C:\Users\Rhythm\AppData\Local\Yarn\bin;E:\app\flutter_windows_1.22.5-stable\flutter\bin;C:\Users\Rhythm\AppData\Local\Android\Sdk\platform-tools;C:\Gradle\gradle-5.6.4\bin;
USERNAME=Rhythm
OS=Windows_NT
PROCESSOR_IDENTIFIER=Intel64 Family 6 Model 60 Stepping 3, GenuineIntel



---------------  S Y S T E M  ---------------

OS: Windows 10 , 64 bit Build 19041 (10.0.19041.928)

CPU:total 4 (initial active 4) (2 cores per cpu, 2 threads per core) family 6 model 60 stepping 3, cmov, cx8, fxsr, mmx, sse, sse2, sse3, ssse3, sse4.1, sse4.2, popcnt, avx, avx2, aes, clmul, erms, lzcnt, ht, tsc, tscinvbit, bmi1, bmi2, fma

Memory: 4k page, system-wide physical 8073M (2045M free)
TotalPageFile size 25202M (AvailPageFile size 2242M)
current process WorkingSet (physical memory assigned to process): 309M, peak: 469M
current process commit charge ("private bytes"): 505M, peak: 522M

vm_info: OpenJDK 64-Bit Server VM (11.0.6+8-b520.43) for windows-amd64 JRE (11.0.6+8-b520.43), built on Feb  3 2020 14:18:56 by "" with MS VC++ 14.0 (VS2015)

END.
